[LOGGER] 2024-09-10 15:07:46.867 PM error: uncaughtException: showReport is not defined
ReferenceError: showReport is not defined
    at file:///C:/expressjs/18-error/src/routes/barangRoute.js:7:29
    at ModuleJob.run (node:internal/modules/esm/module_job:222:25)
    at async ModuleLoader.import (node:internal/modules/esm/loader:316:24)
    at async asyncRunEntryPointWithESMLoader (node:internal/modules/run_main:123:5)
[LOGGER] 2024-09-10 15:08:09.065 PM error: uncaughtException: showReport is not defined
ReferenceError: showReport is not defined
    at file:///C:/expressjs/18-error/src/routes/barangRoute.js:7:29
    at ModuleJob.run (node:internal/modules/esm/module_job:222:25)
    at async ModuleLoader.import (node:internal/modules/esm/loader:316:24)
    at async asyncRunEntryPointWithESMLoader (node:internal/modules/run_main:123:5)
[LOGGER] 2024-09-10 15:08:39.328 PM error: uncaughtException: showReport is not defined
ReferenceError: showReport is not defined
    at file:///C:/expressjs/18-error/src/routes/barangRoute.js:7:29
    at ModuleJob.run (node:internal/modules/esm/module_job:222:25)
    at async ModuleLoader.import (node:internal/modules/esm/loader:316:24)
    at async asyncRunEntryPointWithESMLoader (node:internal/modules/run_main:123:5)
[LOGGER] 2024-09-10 15:08:50.200 PM error: uncaughtException: showReport is not defined
ReferenceError: showReport is not defined
    at file:///C:/expressjs/18-error/src/routes/barangRoute.js:7:29
    at ModuleJob.run (node:internal/modules/esm/module_job:222:25)
    at async ModuleLoader.import (node:internal/modules/esm/loader:316:24)
    at async asyncRunEntryPointWithESMLoader (node:internal/modules/run_main:123:5)
[LOGGER] 2024-09-10 15:09:15.726 PM error: uncaughtException: showReport is not defined
ReferenceError: showReport is not defined
    at file:///C:/expressjs/18-error/src/routes/barangRoute.js:7:29
    at ModuleJob.run (node:internal/modules/esm/module_job:222:25)
    at async ModuleLoader.import (node:internal/modules/esm/loader:316:24)
    at async asyncRunEntryPointWithESMLoader (node:internal/modules/run_main:123:5)
[LOGGER] 2024-09-10 15:09:25.041 PM error: uncaughtException: showReport is not defined
ReferenceError: showReport is not defined
    at file:///C:/expressjs/18-error/src/routes/barangRoute.js:7:29
    at ModuleJob.run (node:internal/modules/esm/module_job:222:25)
    at async ModuleLoader.import (node:internal/modules/esm/loader:316:24)
    at async asyncRunEntryPointWithESMLoader (node:internal/modules/run_main:123:5)
[LOGGER] 2024-09-10 15:10:40.678 PM error: uncaughtException: showReport is not defined
ReferenceError: showReport is not defined
    at file:///C:/expressjs/18-error/src/routes/barangRoute.js:7:29
    at ModuleJob.run (node:internal/modules/esm/module_job:222:25)
    at async ModuleLoader.import (node:internal/modules/esm/loader:316:24)
    at async asyncRunEntryPointWithESMLoader (node:internal/modules/run_main:123:5)
[LOGGER] 2024-09-10 15:11:08.361 PM error: uncaughtException: showReport is not defined
ReferenceError: showReport is not defined
    at file:///C:/expressjs/18-error/src/routes/barangRoute.js:7:29
    at ModuleJob.run (node:internal/modules/esm/module_job:222:25)
    at async ModuleLoader.import (node:internal/modules/esm/loader:316:24)
    at async asyncRunEntryPointWithESMLoader (node:internal/modules/run_main:123:5)
[LOGGER] 2024-09-10 15:11:24.738 PM error: uncaughtException: showReport is not defined
ReferenceError: showReport is not defined
    at file:///C:/expressjs/18-error/src/routes/barangRoute.js:7:29
    at ModuleJob.run (node:internal/modules/esm/module_job:222:25)
    at async ModuleLoader.import (node:internal/modules/esm/loader:316:24)
    at async asyncRunEntryPointWithESMLoader (node:internal/modules/run_main:123:5)
[LOGGER] 2024-09-10 15:13:13.945 PM error: uncaughtException: showReport is not defined
ReferenceError: showReport is not defined
    at file:///C:/expressjs/18-error/src/routes/barangRoute.js:7:29
    at ModuleJob.run (node:internal/modules/esm/module_job:222:25)
    at async ModuleLoader.import (node:internal/modules/esm/loader:316:24)
    at async asyncRunEntryPointWithESMLoader (node:internal/modules/run_main:123:5)
[LOGGER] 2024-09-10 15:15:26.976 PM error: uncaughtException: showReport is not defined
ReferenceError: showReport is not defined
    at file:///C:/expressjs/18-error/src/routes/barangRoute.js:7:29
    at ModuleJob.run (node:internal/modules/esm/module_job:222:25)
    at async ModuleLoader.import (node:internal/modules/esm/loader:316:24)
    at async asyncRunEntryPointWithESMLoader (node:internal/modules/run_main:123:5)
[LOGGER] 2024-09-10 15:15:43.143 PM error: uncaughtException: showReport is not defined
ReferenceError: showReport is not defined
    at file:///C:/expressjs/18-error/src/routes/barangRoute.js:7:29
    at ModuleJob.run (node:internal/modules/esm/module_job:222:25)
    at async ModuleLoader.import (node:internal/modules/esm/loader:316:24)
    at async asyncRunEntryPointWithESMLoader (node:internal/modules/run_main:123:5)
[LOGGER] 2024-09-10 15:18:44.164 PM error: uncaughtException: showReport is not defined
ReferenceError: showReport is not defined
    at file:///C:/expressjs/18-error/src/routes/barangRoute.js:7:29
    at ModuleJob.run (node:internal/modules/esm/module_job:222:25)
    at async ModuleLoader.import (node:internal/modules/esm/loader:316:24)
    at async asyncRunEntryPointWithESMLoader (node:internal/modules/run_main:123:5)
[LOGGER] 2024-09-10 15:27:04.536 PM error: Anda belum login.
[LOGGER] 2024-09-10 15:27:45.163 PM error: uncaughtException: generatePdf is not defined
ReferenceError: generatePdf is not defined
    at file:///C:/expressjs/18-error/src/routes/barangRoute.js:10:30
    at ModuleJob.run (node:internal/modules/esm/module_job:222:25)
    at async ModuleLoader.import (node:internal/modules/esm/loader:316:24)
    at async asyncRunEntryPointWithESMLoader (node:internal/modules/run_main:123:5)
[LOGGER] 2024-09-10 15:29:05.561 PM error: uncaughtException: generatePdf is not defined
ReferenceError: generatePdf is not defined
    at file:///C:/expressjs/18-error/src/routes/barangRoute.js:10:30
    at ModuleJob.run (node:internal/modules/esm/module_job:222:25)
    at async ModuleLoader.import (node:internal/modules/esm/loader:316:24)
    at async asyncRunEntryPointWithESMLoader (node:internal/modules/run_main:123:5)
[LOGGER] 2024-09-10 15:29:18.401 PM error: uncaughtException: generatePdf is not defined
ReferenceError: generatePdf is not defined
    at file:///C:/expressjs/18-error/src/routes/barangRoute.js:10:30
    at ModuleJob.run (node:internal/modules/esm/module_job:222:25)
    at async ModuleLoader.import (node:internal/modules/esm/loader:316:24)
    at async asyncRunEntryPointWithESMLoader (node:internal/modules/run_main:123:5)
[LOGGER] 2024-09-10 15:29:52.854 PM error: uncaughtException: generatePdf is not defined
ReferenceError: generatePdf is not defined
    at file:///C:/expressjs/18-error/src/routes/barangRoute.js:10:30
    at ModuleJob.run (node:internal/modules/esm/module_job:222:25)
    at async ModuleLoader.import (node:internal/modules/esm/loader:316:24)
    at async asyncRunEntryPointWithESMLoader (node:internal/modules/run_main:123:5)
[LOGGER] 2024-09-10 15:30:18.728 PM error: uncaughtException: generatePdf is not defined
ReferenceError: generatePdf is not defined
    at file:///C:/expressjs/18-error/src/routes/barangRoute.js:10:30
    at ModuleJob.run (node:internal/modules/esm/module_job:222:25)
    at async ModuleLoader.import (node:internal/modules/esm/loader:316:24)
    at async asyncRunEntryPointWithESMLoader (node:internal/modules/run_main:123:5)
