[LOGGER] 2024-09-12 08:00:09.931 AM error: uncaughtException: generatePdf is not defined
ReferenceError: generatePdf is not defined
    at file:///C:/expressjs/18-error/src/routes/barangRoute.js:10:30
    at ModuleJob.run (node:internal/modules/esm/module_job:222:25)
    at async ModuleLoader.import (node:internal/modules/esm/loader:316:24)
    at async asyncRunEntryPointWithESMLoader (node:internal/modules/run_main:123:5)
[LOGGER] 2024-09-12 08:00:22.359 AM error: Anda belum login.
[LOGGER] 2024-09-12 08:00:31.878 AM error: controllers/reportBarangControler.js:generatePdf - ENOENT: no such file or directory, open 'C:\expressjs\18-error\src\tempates\template.html'
[LOGGER] 2024-09-12 08:02:29.847 AM error: controllers/reportBarangControler.js:generatePdf - ENOENT: no such file or directory, open 'C:\expressjs\18-error\src\tempates\template.html'
[LOGGER] 2024-09-12 08:08:07.173 AM error: Anda belum login.
[LOGGER] 2024-09-12 08:08:12.938 AM error: controllers/reportBarangControler.js:generatePdf - Parse error on line 18:
...  </tr>        {{ #each barangs }}  
----------------------^
Expecting 'ID', 'STRING', 'NUMBER', 'BOOLEAN', 'UNDEFINED', 'NULL', 'DATA', got 'INVALID'
[LOGGER] 2024-09-12 08:11:11.815 AM error: Anda belum login.
[LOGGER] 2024-09-12 08:35:29.503 AM error: Anda belum login.
[LOGGER] 2024-09-12 08:35:34.715 AM error: controllers/barangControler.js:setEditBarang - Expected a string but received a undefined
[LOGGER] 2024-09-12 08:39:40.534 AM error: Anda belum login.
[LOGGER] 2024-09-12 08:39:46.436 AM error: controllers/barangControler.js:setEditBarang - Expected a string but received a undefined
[LOGGER] 2024-09-12 08:40:44.103 AM error: Anda belum login.
[LOGGER] 2024-09-12 08:40:59.582 AM error: controllers/barangControler.js:setEditBarang - Expected a string but received a undefined
[LOGGER] 2024-09-12 08:41:42.201 AM error: controllers/barangControler.js:setEditBarang - Expected a string but received a undefined
[LOGGER] 2024-09-12 08:42:13.222 AM error: uncaughtException: workbook.getRow is not a function
TypeError: workbook.getRow is not a function
    at generateExcel (file:///C:/expressjs/20-excel-report/src/controllers/reportBarangController.js:103:14)
    at process.processTicksAndRejections (node:internal/process/task_queues:95:5)
[LOGGER] 2024-09-12 08:46:28.313 AM error: Anda belum login.
[LOGGER] 2024-09-12 08:46:34.127 AM error: controllers/barangControler.js:setEditBarang - Expected a string but received a undefined
[LOGGER] 2024-09-12 08:48:13.389 AM error: Anda belum login.
[LOGGER] 2024-09-12 08:48:18.941 AM error: controllers/barangControler.js:setEditBarang - Expected a string but received a undefined
[LOGGER] 2024-09-12 08:49:35.421 AM error: controllers/barangControler.js:setEditBarang - Expected a string but received a undefined
[LOGGER] 2024-09-12 08:50:10.861 AM error: Anda belum login.
[LOGGER] 2024-09-12 08:50:39.843 AM error: Anda belum login.
[LOGGER] 2024-09-12 08:50:44.735 AM error: uncaughtException: workbook.getRow is not a function
TypeError: workbook.getRow is not a function
    at generateExcel (file:///C:/expressjs/20-excel-report/src/controllers/reportBarangController.js:103:14)
    at process.processTicksAndRejections (node:internal/process/task_queues:95:5)
[LOGGER] 2024-09-12 08:51:26.849 AM error: Anda belum login.
[LOGGER] 2024-09-12 08:51:33.463 AM error: uncaughtException: workbook.getRow is not a function
TypeError: workbook.getRow is not a function
    at generateExcel (file:///C:/expressjs/20-excel-report/src/controllers/reportBarangController.js:103:14)
    at process.processTicksAndRejections (node:internal/process/task_queues:95:5)
[LOGGER] 2024-09-12 08:53:45.442 AM error: Anda belum login.
[LOGGER] 2024-09-12 08:53:50.135 AM error: uncaughtException: ExcelJS is not defined
ReferenceError: ExcelJS is not defined
    at generateExcel (file:///C:/expressjs/20-excel-report/src/controllers/reportBarangController.js:86:22)
    at Layer.handle [as handle_request] (C:\expressjs\20-excel-report\node_modules\express\lib\router\layer.js:95:5)
    at next (C:\expressjs\20-excel-report\node_modules\express\lib\router\route.js:149:13)
    at Route.dispatch (C:\expressjs\20-excel-report\node_modules\express\lib\router\route.js:119:3)
    at Layer.handle [as handle_request] (C:\expressjs\20-excel-report\node_modules\express\lib\router\layer.js:95:5)
    at C:\expressjs\20-excel-report\node_modules\express\lib\router\index.js:284:15
    at Function.process_params (C:\expressjs\20-excel-report\node_modules\express\lib\router\index.js:346:12)
    at next (C:\expressjs\20-excel-report\node_modules\express\lib\router\index.js:280:10)
    at Function.handle (C:\expressjs\20-excel-report\node_modules\express\lib\router\index.js:175:3)
    at router (C:\expressjs\20-excel-report\node_modules\express\lib\router\index.js:47:12)
    at Layer.handle [as handle_request] (C:\expressjs\20-excel-report\node_modules\express\lib\router\layer.js:95:5)
    at trim_prefix (C:\expressjs\20-excel-report\node_modules\express\lib\router\index.js:328:13)
    at C:\expressjs\20-excel-report\node_modules\express\lib\router\index.js:286:9
    at Function.process_params (C:\expressjs\20-excel-report\node_modules\express\lib\router\index.js:346:12)
    at next (C:\expressjs\20-excel-report\node_modules\express\lib\router\index.js:280:10)
    at isLoggedIn (file:///C:/expressjs/20-excel-report/src/controllers/registerController.js:70:9)
[LOGGER] 2024-09-12 08:54:35.493 AM error: Anda belum login.
[LOGGER] 2024-09-12 08:54:40.956 AM error: uncaughtException: path is not defined
ReferenceError: path is not defined
    at generateExcel (file:///C:/expressjs/20-excel-report/src/controllers/reportBarangController.js:88:24)
    at Layer.handle [as handle_request] (C:\expressjs\20-excel-report\node_modules\express\lib\router\layer.js:95:5)
    at next (C:\expressjs\20-excel-report\node_modules\express\lib\router\route.js:149:13)
    at Route.dispatch (C:\expressjs\20-excel-report\node_modules\express\lib\router\route.js:119:3)
    at Layer.handle [as handle_request] (C:\expressjs\20-excel-report\node_modules\express\lib\router\layer.js:95:5)
    at C:\expressjs\20-excel-report\node_modules\express\lib\router\index.js:284:15
    at Function.process_params (C:\expressjs\20-excel-report\node_modules\express\lib\router\index.js:346:12)
    at next (C:\expressjs\20-excel-report\node_modules\express\lib\router\index.js:280:10)
    at Function.handle (C:\expressjs\20-excel-report\node_modules\express\lib\router\index.js:175:3)
    at router (C:\expressjs\20-excel-report\node_modules\express\lib\router\index.js:47:12)
    at Layer.handle [as handle_request] (C:\expressjs\20-excel-report\node_modules\express\lib\router\layer.js:95:5)
    at trim_prefix (C:\expressjs\20-excel-report\node_modules\express\lib\router\index.js:328:13)
    at C:\expressjs\20-excel-report\node_modules\express\lib\router\index.js:286:9
    at Function.process_params (C:\expressjs\20-excel-report\node_modules\express\lib\router\index.js:346:12)
    at next (C:\expressjs\20-excel-report\node_modules\express\lib\router\index.js:280:10)
    at isLoggedIn (file:///C:/expressjs/20-excel-report/src/controllers/registerController.js:70:9)
[LOGGER] 2024-09-12 08:55:11.360 AM error: Anda belum login.
[LOGGER] 2024-09-12 08:55:16.842 AM error: uncaughtException: path is not defined
ReferenceError: path is not defined
    at generateExcel (file:///C:/expressjs/20-excel-report/src/controllers/reportBarangController.js:88:24)
    at Layer.handle [as handle_request] (C:\expressjs\20-excel-report\node_modules\express\lib\router\layer.js:95:5)
    at next (C:\expressjs\20-excel-report\node_modules\express\lib\router\route.js:149:13)
    at Route.dispatch (C:\expressjs\20-excel-report\node_modules\express\lib\router\route.js:119:3)
    at Layer.handle [as handle_request] (C:\expressjs\20-excel-report\node_modules\express\lib\router\layer.js:95:5)
    at C:\expressjs\20-excel-report\node_modules\express\lib\router\index.js:284:15
    at Function.process_params (C:\expressjs\20-excel-report\node_modules\express\lib\router\index.js:346:12)
    at next (C:\expressjs\20-excel-report\node_modules\express\lib\router\index.js:280:10)
    at Function.handle (C:\expressjs\20-excel-report\node_modules\express\lib\router\index.js:175:3)
    at router (C:\expressjs\20-excel-report\node_modules\express\lib\router\index.js:47:12)
    at Layer.handle [as handle_request] (C:\expressjs\20-excel-report\node_modules\express\lib\router\layer.js:95:5)
    at trim_prefix (C:\expressjs\20-excel-report\node_modules\express\lib\router\index.js:328:13)
    at C:\expressjs\20-excel-report\node_modules\express\lib\router\index.js:286:9
    at Function.process_params (C:\expressjs\20-excel-report\node_modules\express\lib\router\index.js:346:12)
    at next (C:\expressjs\20-excel-report\node_modules\express\lib\router\index.js:280:10)
    at isLoggedIn (file:///C:/expressjs/20-excel-report/src/controllers/registerController.js:70:9)
[LOGGER] 2024-09-12 08:56:56.970 AM error: Anda belum login.
[LOGGER] 2024-09-12 08:58:12.399 AM error: Anda belum login.
